<?xml version="1.0" encoding="UTF-8"?>
<!-- Generated by org.testng.reporters.JUnitXMLReporter -->
<testsuite ignored="0" hostname="DESKTOP-C6OQV70" failures="3" tests="26" name="UITest" time="1188.922" errors="0" timestamp="27 Apr 2022 21:38:33 GMT">
  <testcase classname="com.automationpractice.ecommerce.testCases.TestCase1RegisterUser" name="testCase1RegisterUser" time="60.64"/>
  <testcase classname="com.automationpractice.ecommerce.testCases.TestCase2LoginUserWithCorrectEmailAndPassword" name="testCase2LoginUserWithCorrectEmailAndPassword" time="15.249"/>
  <testcase classname="com.automationpractice.ecommerce.testCases.TestCase3LoginUserWithIncorrectEmailAndPassword" name="testCase3LoginUserWithIncorrectEmailAndPassword" time="6.431"/>
  <testcase classname="com.automationpractice.ecommerce.testCases.TestCase4LogoutUser" name="testCase4LogoutUser" time="16.252"/>
  <testcase classname="com.automationpractice.ecommerce.testCases.TestCase5RegisterUserWithExistingEmail" name="testCase5RegisterUserWithExistingEmail" time="12.57"/>
  <testcase classname="com.automationpractice.ecommerce.testCases.TestCase6ContactUsForm" name="testCase6ContactUsForm" time="13.215">
    <failure type="org.openqa.selenium.InvalidArgumentException" message="invalid argument: File not found : C:\Users\Talha\Desktop\demoImage.png
  (Session info: chrome=100.0.4896.127)
Build info: version: &amp;apos;4.0.0-alpha-6&amp;apos;, revision: &amp;apos;5f43a29cfc&amp;apos;
System info: host: &amp;apos;DESKTOP-C6OQV70&amp;apos;, ip: &amp;apos;192.168.0.193&amp;apos;, os.name: &amp;apos;Windows 11&amp;apos;, os.arch: &amp;apos;amd64&amp;apos;, os.version: &amp;apos;10.0&amp;apos;, java.version: &amp;apos;11.0.14&amp;apos;
Driver info: org.openqa.selenium.chrome.ChromeDriver
Capabilities {acceptInsecureCerts: false, browserName: chrome, browserVersion: 100.0.4896.127, chrome: {chromedriverVersion: 100.0.4896.60 (6a5d10861ce8..., userDataDir: C:\Users\Talha\AppData\Loca...}, goog:chromeOptions: {debuggerAddress: localhost:52871}, javascriptEnabled: true, networkConnectionEnabled: false, pageLoadStrategy: normal, platform: WINDOWS, platformName: WINDOWS, proxy: Proxy(), setWindowRect: true, strictFileInteractability: false, timeouts: {implicit: 0, pageLoad: 300000, script: 30000}, unhandledPromptBehavior: dismiss and notify, webauthn:extension:credBlob: true, webauthn:extension:largeBlob: true, webauthn:virtualAuthenticators: true}
Session ID: 36e321e98b6e45d2b90c629d46bed3e9">
      <![CDATA[org.openqa.selenium.InvalidArgumentException: invalid argument: File not found : C:\Users\Talha\Desktop\demoImage.png
  (Session info: chrome=100.0.4896.127)
Build info: version: '4.0.0-alpha-6', revision: '5f43a29cfc'
System info: host: 'DESKTOP-C6OQV70', ip: '192.168.0.193', os.name: 'Windows 11', os.arch: 'amd64', os.version: '10.0', java.version: '11.0.14'
Driver info: org.openqa.selenium.chrome.ChromeDriver
Capabilities {acceptInsecureCerts: false, browserName: chrome, browserVersion: 100.0.4896.127, chrome: {chromedriverVersion: 100.0.4896.60 (6a5d10861ce8..., userDataDir: C:\Users\Talha\AppData\Loca...}, goog:chromeOptions: {debuggerAddress: localhost:52871}, javascriptEnabled: true, networkConnectionEnabled: false, pageLoadStrategy: normal, platform: WINDOWS, platformName: WINDOWS, proxy: Proxy(), setWindowRect: true, strictFileInteractability: false, timeouts: {implicit: 0, pageLoad: 300000, script: 30000}, unhandledPromptBehavior: dismiss and notify, webauthn:extension:credBlob: true, webauthn:extension:largeBlob: true, webauthn:virtualAuthenticators: true}
Session ID: 36e321e98b6e45d2b90c629d46bed3e9
at org.openqa.selenium.remote.codec.w3c.W3CHttpResponseCodec.createException(W3CHttpResponseCodec.java:196)
at org.openqa.selenium.remote.codec.w3c.W3CHttpResponseCodec.decode(W3CHttpResponseCodec.java:129)
at org.openqa.selenium.remote.codec.w3c.W3CHttpResponseCodec.decode(W3CHttpResponseCodec.java:53)
at org.openqa.selenium.remote.HttpCommandExecutor.execute(HttpCommandExecutor.java:160)
at org.openqa.selenium.remote.service.DriverCommandExecutor.execute(DriverCommandExecutor.java:83)
at org.openqa.selenium.remote.RemoteWebDriver.execute(RemoteWebDriver.java:582)
at org.openqa.selenium.remote.RemoteWebElement.execute(RemoteWebElement.java:316)
at org.openqa.selenium.remote.RemoteWebElement.sendKeys(RemoteWebElement.java:115)
at org.openqa.selenium.support.pagefactory.internal.LocatingElementHandler.invoke(LocatingElementHandler.java:52)
at com.sun.proxy.$Proxy11.sendKeys(Unknown Source)
at com.automationpractice.ecommerce.testCases.TestCase6ContactUsForm.testCase6ContactUsForm(TestCase6ContactUsForm.java:88)
... Removed 35 stack frames]]>
    </failure>
  </testcase> <!-- testCase6ContactUsForm -->
  <testcase classname="com.automationpractice.ecommerce.testCases.TestCase7VerifyTestCasesPage" name="testCase7VerifyTestCasesPage" time="4.237"/>
  <testcase classname="com.automationpractice.ecommerce.testCases.TestCase8VerifyAllProductsAndProductDetailPage" name="testCase8VerifyAllProductsAndProductDetailPage" time="20.315"/>
  <testcase classname="com.automationpractice.ecommerce.testCases.TestCase9SearchProduct" name="testCase9SearchProduct" time="25.741"/>
  <testcase classname="com.automationpractice.ecommerce.testCases.TestCase10VerifySubscriptionInHomepage" name="testCase10VerifySubscriptionInHomepage" time="3.012"/>
  <testcase classname="com.automationpractice.ecommerce.testCases.TestCase11VerifySubscriptionInCartpagePages_TC" name="testCase11VerifySubscriptionInCartpagePages_TC" time="6.353"/>
  <testcase classname="com.automationpractice.ecommerce.testCases.TestCase12AddProductsInCart" name="testCase12AddProductsInCart" time="51.276">
    <failure type="org.openqa.selenium.ElementNotInteractableException" message="element not interactable
  (Session info: chrome=100.0.4896.127)
Build info: version: &amp;apos;4.0.0-alpha-6&amp;apos;, revision: &amp;apos;5f43a29cfc&amp;apos;
System info: host: &amp;apos;DESKTOP-C6OQV70&amp;apos;, ip: &amp;apos;192.168.0.193&amp;apos;, os.name: &amp;apos;Windows 11&amp;apos;, os.arch: &amp;apos;amd64&amp;apos;, os.version: &amp;apos;10.0&amp;apos;, java.version: &amp;apos;11.0.14&amp;apos;
Driver info: org.openqa.selenium.chrome.ChromeDriver
Capabilities {acceptInsecureCerts: false, browserName: chrome, browserVersion: 100.0.4896.127, chrome: {chromedriverVersion: 100.0.4896.60 (6a5d10861ce8..., userDataDir: C:\Users\Talha\AppData\Loca...}, goog:chromeOptions: {debuggerAddress: localhost:59151}, javascriptEnabled: true, networkConnectionEnabled: false, pageLoadStrategy: normal, platform: WINDOWS, platformName: WINDOWS, proxy: Proxy(), setWindowRect: true, strictFileInteractability: false, timeouts: {implicit: 0, pageLoad: 300000, script: 30000}, unhandledPromptBehavior: dismiss and notify, webauthn:extension:credBlob: true, webauthn:extension:largeBlob: true, webauthn:virtualAuthenticators: true}
Session ID: c436c90c56d8c072f1ebe6201d6323d0">
      <![CDATA[org.openqa.selenium.ElementNotInteractableException: element not interactable
  (Session info: chrome=100.0.4896.127)
Build info: version: '4.0.0-alpha-6', revision: '5f43a29cfc'
System info: host: 'DESKTOP-C6OQV70', ip: '192.168.0.193', os.name: 'Windows 11', os.arch: 'amd64', os.version: '10.0', java.version: '11.0.14'
Driver info: org.openqa.selenium.chrome.ChromeDriver
Capabilities {acceptInsecureCerts: false, browserName: chrome, browserVersion: 100.0.4896.127, chrome: {chromedriverVersion: 100.0.4896.60 (6a5d10861ce8..., userDataDir: C:\Users\Talha\AppData\Loca...}, goog:chromeOptions: {debuggerAddress: localhost:59151}, javascriptEnabled: true, networkConnectionEnabled: false, pageLoadStrategy: normal, platform: WINDOWS, platformName: WINDOWS, proxy: Proxy(), setWindowRect: true, strictFileInteractability: false, timeouts: {implicit: 0, pageLoad: 300000, script: 30000}, unhandledPromptBehavior: dismiss and notify, webauthn:extension:credBlob: true, webauthn:extension:largeBlob: true, webauthn:virtualAuthenticators: true}
Session ID: c436c90c56d8c072f1ebe6201d6323d0
at org.openqa.selenium.remote.codec.w3c.W3CHttpResponseCodec.createException(W3CHttpResponseCodec.java:196)
at org.openqa.selenium.remote.codec.w3c.W3CHttpResponseCodec.decode(W3CHttpResponseCodec.java:129)
at org.openqa.selenium.remote.codec.w3c.W3CHttpResponseCodec.decode(W3CHttpResponseCodec.java:53)
at org.openqa.selenium.remote.HttpCommandExecutor.execute(HttpCommandExecutor.java:160)
at org.openqa.selenium.remote.service.DriverCommandExecutor.execute(DriverCommandExecutor.java:83)
at org.openqa.selenium.remote.RemoteWebDriver.execute(RemoteWebDriver.java:582)
at org.openqa.selenium.remote.RemoteWebElement.execute(RemoteWebElement.java:316)
at org.openqa.selenium.remote.RemoteWebElement.click(RemoteWebElement.java:85)
at org.openqa.selenium.support.pagefactory.internal.LocatingElementHandler.invoke(LocatingElementHandler.java:52)
at com.sun.proxy.$Proxy11.click(Unknown Source)
at com.automationpractice.ecommerce.testCases.TestCase12AddProductsInCart.testCase12AddProductsInCart(TestCase12AddProductsInCart.java:64)
... Removed 35 stack frames]]>
    </failure>
  </testcase> <!-- testCase12AddProductsInCart -->
  <testcase classname="com.automationpractice.ecommerce.testCases.TestCase13VerifyProductQuantityInCart" name="testCase13VerifyProductQuantityInCartPages" time="25.185"/>
  <testcase classname="com.automationpractice.ecommerce.testCases.TestCase14PlaceOrderRegisterWhileCheckout" name="testCase14PlaceOrderRegisterWhileCheckoutPages" time="56.707"/>
  <testcase classname="com.automationpractice.ecommerce.testCases.TestCase15PlaceOrderRegisterBeforeCheckout" name="testCase15PlaceOrderRegisterBeforeCheckoutPages" time="56.538"/>
  <testcase classname="com.automationpractice.ecommerce.testCases.TestCase16PlaceOrderLoginBeforeCheckout" name="testCase16PlaceOrderLoginBeforeCheckoutPages" time="56.591"/>
  <testcase classname="com.automationpractice.ecommerce.testCases.TestCase17RemoveProductsFromCart" name="testCase17RemoveProductsFromCartPages" time="30.679"/>
  <testcase classname="com.automationpractice.ecommerce.testCases.TestCase18ViewCategoryProducts" name="testCase18ViewCategoryProductsPages" time="18.162"/>
  <testcase classname="com.automationpractice.ecommerce.testCases.TestCase19ViewAndCartBrandProducts" name="testCase19ViewAndCartBrandProductsPages" time="29.505"/>
  <testcase classname="com.automationpractice.ecommerce.testCases.TestCase20SearchProductsAndVerifyCartAfterLogin" name="testCase20SearchProductsAndVerifyCartAfterLoginPages" time="59.512"/>
  <testcase classname="com.automationpractice.ecommerce.testCases.TestCase21AddReviewOnProduct" name="testCase21AddReviewOnProductPages" time="26.698"/>
  <testcase classname="com.automationpractice.ecommerce.testCases.TestCase22AddToCartFromRecommendedItems" name="testCase22AddToCartFromRecommendedItems" time="3.016"/>
  <testcase classname="com.automationpractice.ecommerce.testCases.TestCase23VerifyAddressDetailsInCheckoutpage" name="testCase23VerifyAddressDetailsInCheckoutpagePages" time="95.327"/>
  <testcase classname="com.automationpractice.ecommerce.testCases.TestCase24DownloadInvoiceAfterPurchaseOrder" name="testCase24DownloadInvoiceAfterPurchaseOrderPages" time="134.724"/>
  <testcase classname="com.automationpractice.ecommerce.testCases.TestCase25VerifyScrollUpUsingArrowButtonAndScrollDownFunctionality" name="testCase25VerifyScrollUpUsingArrowButtonAndScrollDownFunctionality" time="3.02">
    <failure type="org.openqa.selenium.WebDriverException" message="target frame detached
  (Session info: chrome=100.0.4896.127)
Build info: version: &amp;apos;4.0.0-alpha-6&amp;apos;, revision: &amp;apos;5f43a29cfc&amp;apos;
System info: host: &amp;apos;DESKTOP-C6OQV70&amp;apos;, ip: &amp;apos;192.168.0.193&amp;apos;, os.name: &amp;apos;Windows 11&amp;apos;, os.arch: &amp;apos;amd64&amp;apos;, os.version: &amp;apos;10.0&amp;apos;, java.version: &amp;apos;11.0.14&amp;apos;
Driver info: org.openqa.selenium.chrome.ChromeDriver
Capabilities {acceptInsecureCerts: false, browserName: chrome, browserVersion: 100.0.4896.127, chrome: {chromedriverVersion: 100.0.4896.60 (6a5d10861ce8..., userDataDir: C:\Users\Talha\AppData\Loca...}, goog:chromeOptions: {debuggerAddress: localhost:62393}, javascriptEnabled: true, networkConnectionEnabled: false, pageLoadStrategy: normal, platform: WINDOWS, platformName: WINDOWS, proxy: Proxy(), setWindowRect: true, strictFileInteractability: false, timeouts: {implicit: 0, pageLoad: 300000, script: 30000}, unhandledPromptBehavior: dismiss and notify, webauthn:extension:credBlob: true, webauthn:extension:largeBlob: true, webauthn:virtualAuthenticators: true}
Session ID: 328f65a268404a4dbbb97492ab2a6ac2">
      <![CDATA[org.openqa.selenium.WebDriverException: target frame detached
  (Session info: chrome=100.0.4896.127)
Build info: version: '4.0.0-alpha-6', revision: '5f43a29cfc'
System info: host: 'DESKTOP-C6OQV70', ip: '192.168.0.193', os.name: 'Windows 11', os.arch: 'amd64', os.version: '10.0', java.version: '11.0.14'
Driver info: org.openqa.selenium.chrome.ChromeDriver
Capabilities {acceptInsecureCerts: false, browserName: chrome, browserVersion: 100.0.4896.127, chrome: {chromedriverVersion: 100.0.4896.60 (6a5d10861ce8..., userDataDir: C:\Users\Talha\AppData\Loca...}, goog:chromeOptions: {debuggerAddress: localhost:62393}, javascriptEnabled: true, networkConnectionEnabled: false, pageLoadStrategy: normal, platform: WINDOWS, platformName: WINDOWS, proxy: Proxy(), setWindowRect: true, strictFileInteractability: false, timeouts: {implicit: 0, pageLoad: 300000, script: 30000}, unhandledPromptBehavior: dismiss and notify, webauthn:extension:credBlob: true, webauthn:extension:largeBlob: true, webauthn:virtualAuthenticators: true}
Session ID: 328f65a268404a4dbbb97492ab2a6ac2
at org.openqa.selenium.remote.codec.w3c.W3CHttpResponseCodec.createException(W3CHttpResponseCodec.java:196)
at org.openqa.selenium.remote.codec.w3c.W3CHttpResponseCodec.decode(W3CHttpResponseCodec.java:129)
at org.openqa.selenium.remote.codec.w3c.W3CHttpResponseCodec.decode(W3CHttpResponseCodec.java:53)
at org.openqa.selenium.remote.HttpCommandExecutor.execute(HttpCommandExecutor.java:160)
at org.openqa.selenium.remote.service.DriverCommandExecutor.execute(DriverCommandExecutor.java:83)
at org.openqa.selenium.remote.RemoteWebDriver.execute(RemoteWebDriver.java:582)
at org.openqa.selenium.remote.RemoteWebDriver.executeScript(RemoteWebDriver.java:517)
at com.automationpractice.ecommerce.testCases.TestCase25VerifyScrollUpUsingArrowButtonAndScrollDownFunctionality.testCase25VerifyScrollUpUsingArrowButtonAndScrollDownFunctionality(TestCase25VerifyScrollUpUsingArrowButtonAndScrollDownFunctionality.java:26)
... Removed 32 stack frames]]>
    </failure>
  </testcase> <!-- testCase25VerifyScrollUpUsingArrowButtonAndScrollDownFunctionality -->
  <testcase classname="com.automationpractice.ecommerce.testCases.TestCase26VerifyScrollUpWithoutArrowButtonAndScrollDownFunctionality" name="testCase26VerifyScrollUpWithout_Arrow_buttonAndScrollDownFunctionalityPages" time="9.218"/>
</testsuite> <!-- UITest -->
