<?xml version="1.0" encoding="UTF-8"?>
<testng-results ignored="0" total="1" passed="1" failed="0" skipped="0">
  <reporter-output>
  </reporter-output>
  <suite started-at="2022-02-11T06:42:59Z" name="Regression" finished-at="2022-02-11T06:43:23Z" duration-ms="24095">
    <groups>
    </groups>
    <test started-at="2022-02-11T06:42:59Z" name="UITest" finished-at="2022-02-11T06:43:23Z" duration-ms="24095">
      <class name="com.automationpractice.ecommerce.testCases.TestCase1RegisterUser">
        <test-method is-config="true" signature="beforeClass()[pri:0, instance:com.automationpractice.ecommerce.testCases.TestCase1RegisterUser@313ac989]" started-at="2022-02-11T06:42:59Z" name="beforeClass" finished-at="2022-02-11T06:43:04Z" duration-ms="4779" status="PASS">
          <reporter-output>
          </reporter-output>
        </test-method> <!-- beforeClass -->
        <test-method is-config="true" signature="beforeMethod()[pri:0, instance:com.automationpractice.ecommerce.testCases.TestCase1RegisterUser@313ac989]" started-at="2022-02-11T06:43:04Z" name="beforeMethod" finished-at="2022-02-11T06:43:15Z" duration-ms="10361" status="PASS">
          <reporter-output>
          </reporter-output>
        </test-method> <!-- beforeMethod -->
        <test-method signature="testCase1RegisterUser()[pri:0, instance:com.automationpractice.ecommerce.testCases.TestCase1RegisterUser@313ac989]" started-at="2022-02-11T06:43:15Z" name="testCase1RegisterUser" finished-at="2022-02-11T06:43:22Z" duration-ms="7750" status="PASS">
          <reporter-output>
          </reporter-output>
        </test-method> <!-- testCase1RegisterUser -->
        <test-method is-config="true" signature="afterTest()[pri:0, instance:com.automationpractice.ecommerce.testCases.TestCase1RegisterUser@313ac989]" started-at="2022-02-11T06:43:22Z" name="afterTest" finished-at="2022-02-11T06:43:22Z" duration-ms="0" status="PASS">
          <reporter-output>
          </reporter-output>
        </test-method> <!-- afterTest -->
        <test-method is-config="true" signature="afterClass()[pri:0, instance:com.automationpractice.ecommerce.testCases.TestCase1RegisterUser@313ac989]" started-at="2022-02-11T06:43:22Z" name="afterClass" finished-at="2022-02-11T06:43:23Z" duration-ms="1143" status="PASS">
          <reporter-output>
          </reporter-output>
        </test-method> <!-- afterClass -->
      </class> <!-- com.automationpractice.ecommerce.testCases.TestCase1RegisterUser -->
    </test> <!-- UITest -->
  </suite> <!-- Regression -->
</testng-results>
