<?xml version="1.0" encoding="UTF-8"?>
<testsuite xmlns:xsi="http://www.w3.org/2001/XMLSchema-instance" xsi:schemaLocation="https://maven.apache.org/surefire/maven-surefire-plugin/xsd/surefire-test-report.xsd" name="TestSuite" time="31.893" tests="130" errors="0" skipped="104" failures="26">
  <properties>
[...]
</properties>
  <testcase name="beforeClass" classname="com.automationpractice.ecommerce.testCases.TestCase1RegisterUser" time="8.124">
    <failure message="com.google.common.base.Throwables.throwIfUnchecked(Ljava/lang/Throwable;)V" type="java.lang.NoSuchMethodError">java.lang.NoSuchMethodError: com.google.common.base.Throwables.throwIfUnchecked(Ljava/lang/Throwable;)V
</failure>
    <system-out><![CDATA[[TestNGContentHandler] [WARN] It is strongly recommended to add "<!DOCTYPE suite SYSTEM "http://testng.org/testng-1.0.dtd" >" at the top of your file, otherwise TestNG may fail or not work as expected.
]]></system-out>
    <system-err><![CDATA[SLF4J: Failed to load class "org.slf4j.impl.StaticLoggerBinder".
SLF4J: Defaulting to no-operation (NOP) logger implementation
SLF4J: See http://www.slf4j.org/codes.html#StaticLoggerBinder for further details.
Starting ChromeDriver 102.0.5005.61 (0e59bcc00cc4985ce39ad31c150065f159d95ad3-refs/branch-heads/5005@{#819}) on port 37381
Only local connections are allowed.
Please see https://chromedriver.chromium.org/security-considerations for suggestions on keeping ChromeDriver safe.
ChromeDriver was started successfully.
]]></system-err>
  </testcase>
  <testcase name="beforeMethod" classname="com.automationpractice.ecommerce.testCases.TestCase1RegisterUser" time="0">
    <skipped/>
  </testcase>
  <testcase name="testCase1RegisterUser" classname="com.automationpractice.ecommerce.testCases.TestCase1RegisterUser" time="0">
    <skipped message="com.google.common.base.Throwables.throwIfUnchecked(Ljava/lang/Throwable;)V"/>
  </testcase>
  <testcase name="afterTest" classname="com.automationpractice.ecommerce.testCases.TestCase1RegisterUser" time="0">
    <skipped/>
  </testcase>
  <testcase name="afterClass" classname="com.automationpractice.ecommerce.testCases.TestCase1RegisterUser" time="0">
    <skipped/>
  </testcase>
  <testcase name="beforeClass" classname="com.automationpractice.ecommerce.testCases.TestCase2LoginUserWithCorrectEmailAndPassword" time="8.646">
    <failure message="com.google.common.base.Throwables.throwIfUnchecked(Ljava/lang/Throwable;)V" type="java.lang.NoSuchMethodError">java.lang.NoSuchMethodError: com.google.common.base.Throwables.throwIfUnchecked(Ljava/lang/Throwable;)V
</failure>
    <system-err><![CDATA[Starting ChromeDriver 102.0.5005.61 (0e59bcc00cc4985ce39ad31c150065f159d95ad3-refs/branch-heads/5005@{#819}) on port 8394
Only local connections are allowed.
Please see https://chromedriver.chromium.org/security-considerations for suggestions on keeping ChromeDriver safe.
ChromeDriver was started successfully.
]]></system-err>
  </testcase>
  <testcase name="beforeMethod" classname="com.automationpractice.ecommerce.testCases.TestCase2LoginUserWithCorrectEmailAndPassword" time="0">
    <skipped/>
  </testcase>
  <testcase name="testCase2LoginUserWithCorrectEmailAndPassword" classname="com.automationpractice.ecommerce.testCases.TestCase2LoginUserWithCorrectEmailAndPassword" time="0">
    <skipped message="com.google.common.base.Throwables.throwIfUnchecked(Ljava/lang/Throwable;)V"/>
  </testcase>
  <testcase name="afterTest" classname="com.automationpractice.ecommerce.testCases.TestCase2LoginUserWithCorrectEmailAndPassword" time="0">
    <skipped/>
  </testcase>
  <testcase name="afterClass" classname="com.automationpractice.ecommerce.testCases.TestCase2LoginUserWithCorrectEmailAndPassword" time="0">
    <skipped/>
  </testcase>
  <testcase name="beforeClass" classname="com.automationpractice.ecommerce.testCases.TestCase3LoginUserWithIncorrectEmailAndPassword" time="9.165">
    <failure message="com.google.common.base.Throwables.throwIfUnchecked(Ljava/lang/Throwable;)V" type="java.lang.NoSuchMethodError">java.lang.NoSuchMethodError: com.google.common.base.Throwables.throwIfUnchecked(Ljava/lang/Throwable;)V
</failure>
    <system-err><![CDATA[Starting ChromeDriver 102.0.5005.61 (0e59bcc00cc4985ce39ad31c150065f159d95ad3-refs/branch-heads/5005@{#819}) on port 52802
Only local connections are allowed.
Please see https://chromedriver.chromium.org/security-considerations for suggestions on keeping ChromeDriver safe.
ChromeDriver was started successfully.
]]></system-err>
  </testcase>
  <testcase name="beforeMethod" classname="com.automationpractice.ecommerce.testCases.TestCase3LoginUserWithIncorrectEmailAndPassword" time="0">
    <skipped/>
  </testcase>
  <testcase name="testCase3LoginUserWithIncorrectEmailAndPassword" classname="com.automationpractice.ecommerce.testCases.TestCase3LoginUserWithIncorrectEmailAndPassword" time="0">
    <skipped message="com.google.common.base.Throwables.throwIfUnchecked(Ljava/lang/Throwable;)V"/>
  </testcase>
  <testcase name="afterTest" classname="com.automationpractice.ecommerce.testCases.TestCase3LoginUserWithIncorrectEmailAndPassword" time="0">
    <skipped/>
  </testcase>
  <testcase name="afterClass" classname="com.automationpractice.ecommerce.testCases.TestCase3LoginUserWithIncorrectEmailAndPassword" time="0">
    <skipped/>
  </testcase>
  <testcase name="beforeClass" classname="com.automationpractice.ecommerce.testCases.TestCase4LogoutUser" time="9.685">
    <failure message="com.google.common.base.Throwables.throwIfUnchecked(Ljava/lang/Throwable;)V" type="java.lang.NoSuchMethodError">java.lang.NoSuchMethodError: com.google.common.base.Throwables.throwIfUnchecked(Ljava/lang/Throwable;)V
</failure>
    <system-err><![CDATA[Starting ChromeDriver 102.0.5005.61 (0e59bcc00cc4985ce39ad31c150065f159d95ad3-refs/branch-heads/5005@{#819}) on port 6526
Only local connections are allowed.
Please see https://chromedriver.chromium.org/security-considerations for suggestions on keeping ChromeDriver safe.
ChromeDriver was started successfully.
]]></system-err>
  </testcase>
  <testcase name="beforeMethod" classname="com.automationpractice.ecommerce.testCases.TestCase4LogoutUser" time="0">
    <skipped/>
  </testcase>
  <testcase name="testCase4LogoutUser" classname="com.automationpractice.ecommerce.testCases.TestCase4LogoutUser" time="0">
    <skipped message="com.google.common.base.Throwables.throwIfUnchecked(Ljava/lang/Throwable;)V"/>
  </testcase>
  <testcase name="afterTest" classname="com.automationpractice.ecommerce.testCases.TestCase4LogoutUser" time="0">
    <skipped/>
  </testcase>
  <testcase name="afterClass" classname="com.automationpractice.ecommerce.testCases.TestCase4LogoutUser" time="0">
    <skipped/>
  </testcase>
  <testcase name="beforeClass" classname="com.automationpractice.ecommerce.testCases.TestCase5RegisterUserWithExistingEmail" time="10.204">
    <failure message="com.google.common.base.Throwables.throwIfUnchecked(Ljava/lang/Throwable;)V" type="java.lang.NoSuchMethodError">java.lang.NoSuchMethodError: com.google.common.base.Throwables.throwIfUnchecked(Ljava/lang/Throwable;)V
</failure>
    <system-err><![CDATA[Starting ChromeDriver 102.0.5005.61 (0e59bcc00cc4985ce39ad31c150065f159d95ad3-refs/branch-heads/5005@{#819}) on port 34738
Only local connections are allowed.
Please see https://chromedriver.chromium.org/security-considerations for suggestions on keeping ChromeDriver safe.
ChromeDriver was started successfully.
]]></system-err>
  </testcase>
  <testcase name="beforeMethod" classname="com.automationpractice.ecommerce.testCases.TestCase5RegisterUserWithExistingEmail" time="0">
    <skipped/>
  </testcase>
  <testcase name="testCase5RegisterUserWithExistingEmail" classname="com.automationpractice.ecommerce.testCases.TestCase5RegisterUserWithExistingEmail" time="0">
    <skipped message="com.google.common.base.Throwables.throwIfUnchecked(Ljava/lang/Throwable;)V"/>
  </testcase>
  <testcase name="afterTest" classname="com.automationpractice.ecommerce.testCases.TestCase5RegisterUserWithExistingEmail" time="0">
    <skipped/>
  </testcase>
  <testcase name="afterClass" classname="com.automationpractice.ecommerce.testCases.TestCase5RegisterUserWithExistingEmail" time="0">
    <skipped/>
  </testcase>
  <testcase name="beforeClass" classname="com.automationpractice.ecommerce.testCases.TestCase6ContactUsForm" time="10.722">
    <failure message="com.google.common.base.Throwables.throwIfUnchecked(Ljava/lang/Throwable;)V" type="java.lang.NoSuchMethodError">java.lang.NoSuchMethodError: com.google.common.base.Throwables.throwIfUnchecked(Ljava/lang/Throwable;)V
</failure>
    <system-err><![CDATA[Starting ChromeDriver 102.0.5005.61 (0e59bcc00cc4985ce39ad31c150065f159d95ad3-refs/branch-heads/5005@{#819}) on port 17770
Only local connections are allowed.
Please see https://chromedriver.chromium.org/security-considerations for suggestions on keeping ChromeDriver safe.
ChromeDriver was started successfully.
]]></system-err>
  </testcase>
  <testcase name="beforeMethod" classname="com.automationpractice.ecommerce.testCases.TestCase6ContactUsForm" time="0">
    <skipped/>
  </testcase>
  <testcase name="testCase6ContactUsForm" classname="com.automationpractice.ecommerce.testCases.TestCase6ContactUsForm" time="0">
    <skipped message="com.google.common.base.Throwables.throwIfUnchecked(Ljava/lang/Throwable;)V"/>
  </testcase>
  <testcase name="afterTest" classname="com.automationpractice.ecommerce.testCases.TestCase6ContactUsForm" time="0">
    <skipped/>
  </testcase>
  <testcase name="afterClass" classname="com.automationpractice.ecommerce.testCases.TestCase6ContactUsForm" time="0">
    <skipped/>
  </testcase>
  <testcase name="beforeClass" classname="com.automationpractice.ecommerce.testCases.TestCase7VerifyTestCasesPage" time="11.249">
    <failure message="com.google.common.base.Throwables.throwIfUnchecked(Ljava/lang/Throwable;)V" type="java.lang.NoSuchMethodError">java.lang.NoSuchMethodError: com.google.common.base.Throwables.throwIfUnchecked(Ljava/lang/Throwable;)V
</failure>
    <system-err><![CDATA[Starting ChromeDriver 102.0.5005.61 (0e59bcc00cc4985ce39ad31c150065f159d95ad3-refs/branch-heads/5005@{#819}) on port 35253
Only local connections are allowed.
Please see https://chromedriver.chromium.org/security-considerations for suggestions on keeping ChromeDriver safe.
ChromeDriver was started successfully.
]]></system-err>
  </testcase>
  <testcase name="beforeMethod" classname="com.automationpractice.ecommerce.testCases.TestCase7VerifyTestCasesPage" time="0">
    <skipped/>
  </testcase>
  <testcase name="testCase7VerifyTestCasesPage" classname="com.automationpractice.ecommerce.testCases.TestCase7VerifyTestCasesPage" time="0">
    <skipped message="com.google.common.base.Throwables.throwIfUnchecked(Ljava/lang/Throwable;)V"/>
  </testcase>
  <testcase name="afterTest" classname="com.automationpractice.ecommerce.testCases.TestCase7VerifyTestCasesPage" time="0">
    <skipped/>
  </testcase>
  <testcase name="afterClass" classname="com.automationpractice.ecommerce.testCases.TestCase7VerifyTestCasesPage" time="0">
    <skipped/>
  </testcase>
  <testcase name="beforeClass" classname="com.automationpractice.ecommerce.testCases.TestCase8VerifyAllProductsAndProductDetailPage" time="11.766">
    <failure message="com.google.common.base.Throwables.throwIfUnchecked(Ljava/lang/Throwable;)V" type="java.lang.NoSuchMethodError">java.lang.NoSuchMethodError: com.google.common.base.Throwables.throwIfUnchecked(Ljava/lang/Throwable;)V
</failure>
    <system-err><![CDATA[Starting ChromeDriver 102.0.5005.61 (0e59bcc00cc4985ce39ad31c150065f159d95ad3-refs/branch-heads/5005@{#819}) on port 43625
Only local connections are allowed.
Please see https://chromedriver.chromium.org/security-considerations for suggestions on keeping ChromeDriver safe.
ChromeDriver was started successfully.
]]></system-err>
  </testcase>
  <testcase name="beforeMethod" classname="com.automationpractice.ecommerce.testCases.TestCase8VerifyAllProductsAndProductDetailPage" time="0">
    <skipped/>
  </testcase>
  <testcase name="testCase8VerifyAllProductsAndProductDetailPage" classname="com.automationpractice.ecommerce.testCases.TestCase8VerifyAllProductsAndProductDetailPage" time="0">
    <skipped message="com.google.common.base.Throwables.throwIfUnchecked(Ljava/lang/Throwable;)V"/>
  </testcase>
  <testcase name="afterTest" classname="com.automationpractice.ecommerce.testCases.TestCase8VerifyAllProductsAndProductDetailPage" time="0">
    <skipped/>
  </testcase>
  <testcase name="afterClass" classname="com.automationpractice.ecommerce.testCases.TestCase8VerifyAllProductsAndProductDetailPage" time="0">
    <skipped/>
  </testcase>
  <testcase name="beforeClass" classname="com.automationpractice.ecommerce.testCases.TestCase9SearchProduct" time="12.283">
    <failure message="com.google.common.base.Throwables.throwIfUnchecked(Ljava/lang/Throwable;)V" type="java.lang.NoSuchMethodError">java.lang.NoSuchMethodError: com.google.common.base.Throwables.throwIfUnchecked(Ljava/lang/Throwable;)V
</failure>
    <system-err><![CDATA[Starting ChromeDriver 102.0.5005.61 (0e59bcc00cc4985ce39ad31c150065f159d95ad3-refs/branch-heads/5005@{#819}) on port 42661
Only local connections are allowed.
Please see https://chromedriver.chromium.org/security-considerations for suggestions on keeping ChromeDriver safe.
ChromeDriver was started successfully.
]]></system-err>
  </testcase>
  <testcase name="beforeMethod" classname="com.automationpractice.ecommerce.testCases.TestCase9SearchProduct" time="0">
    <skipped/>
  </testcase>
  <testcase name="testCase9SearchProduct" classname="com.automationpractice.ecommerce.testCases.TestCase9SearchProduct" time="0">
    <skipped message="com.google.common.base.Throwables.throwIfUnchecked(Ljava/lang/Throwable;)V"/>
  </testcase>
  <testcase name="afterTest" classname="com.automationpractice.ecommerce.testCases.TestCase9SearchProduct" time="0">
    <skipped/>
  </testcase>
  <testcase name="afterClass" classname="com.automationpractice.ecommerce.testCases.TestCase9SearchProduct" time="0">
    <skipped/>
  </testcase>
  <testcase name="beforeClass" classname="com.automationpractice.ecommerce.testCases.TestCase10VerifySubscriptionInHomepage" time="12.789">
    <failure message="com.google.common.base.Throwables.throwIfUnchecked(Ljava/lang/Throwable;)V" type="java.lang.NoSuchMethodError">java.lang.NoSuchMethodError: com.google.common.base.Throwables.throwIfUnchecked(Ljava/lang/Throwable;)V
</failure>
    <system-err><![CDATA[Starting ChromeDriver 102.0.5005.61 (0e59bcc00cc4985ce39ad31c150065f159d95ad3-refs/branch-heads/5005@{#819}) on port 29399
Only local connections are allowed.
Please see https://chromedriver.chromium.org/security-considerations for suggestions on keeping ChromeDriver safe.
ChromeDriver was started successfully.
]]></system-err>
  </testcase>
  <testcase name="beforeMethod" classname="com.automationpractice.ecommerce.testCases.TestCase10VerifySubscriptionInHomepage" time="0">
    <skipped/>
  </testcase>
  <testcase name="testCase10VerifySubscriptionInHomepage" classname="com.automationpractice.ecommerce.testCases.TestCase10VerifySubscriptionInHomepage" time="0">
    <skipped message="com.google.common.base.Throwables.throwIfUnchecked(Ljava/lang/Throwable;)V"/>
  </testcase>
  <testcase name="afterTest" classname="com.automationpractice.ecommerce.testCases.TestCase10VerifySubscriptionInHomepage" time="0">
    <skipped/>
  </testcase>
  <testcase name="afterClass" classname="com.automationpractice.ecommerce.testCases.TestCase10VerifySubscriptionInHomepage" time="0">
    <skipped/>
  </testcase>
  <testcase name="beforeClass" classname="com.automationpractice.ecommerce.testCases.TestCase11VerifySubscriptionInCartpagePages_TC" time="13.308">
    <failure message="com.google.common.base.Throwables.throwIfUnchecked(Ljava/lang/Throwable;)V" type="java.lang.NoSuchMethodError">java.lang.NoSuchMethodError: com.google.common.base.Throwables.throwIfUnchecked(Ljava/lang/Throwable;)V
</failure>
    <system-err><![CDATA[Starting ChromeDriver 102.0.5005.61 (0e59bcc00cc4985ce39ad31c150065f159d95ad3-refs/branch-heads/5005@{#819}) on port 44231
Only local connections are allowed.
Please see https://chromedriver.chromium.org/security-considerations for suggestions on keeping ChromeDriver safe.
ChromeDriver was started successfully.
]]></system-err>
  </testcase>
  <testcase name="beforeMethod" classname="com.automationpractice.ecommerce.testCases.TestCase11VerifySubscriptionInCartpagePages_TC" time="0">
    <skipped/>
  </testcase>
  <testcase name="testCase11VerifySubscriptionInCartpagePages_TC" classname="com.automationpractice.ecommerce.testCases.TestCase11VerifySubscriptionInCartpagePages_TC" time="0">
    <skipped message="com.google.common.base.Throwables.throwIfUnchecked(Ljava/lang/Throwable;)V"/>
  </testcase>
  <testcase name="afterTest" classname="com.automationpractice.ecommerce.testCases.TestCase11VerifySubscriptionInCartpagePages_TC" time="0">
    <skipped/>
  </testcase>
  <testcase name="afterClass" classname="com.automationpractice.ecommerce.testCases.TestCase11VerifySubscriptionInCartpagePages_TC" time="0">
    <skipped/>
  </testcase>
  <testcase name="beforeClass" classname="com.automationpractice.ecommerce.testCases.TestCase12AddProductsInCart" time="13.825">
    <failure message="com.google.common.base.Throwables.throwIfUnchecked(Ljava/lang/Throwable;)V" type="java.lang.NoSuchMethodError">java.lang.NoSuchMethodError: com.google.common.base.Throwables.throwIfUnchecked(Ljava/lang/Throwable;)V
</failure>
    <system-err><![CDATA[Starting ChromeDriver 102.0.5005.61 (0e59bcc00cc4985ce39ad31c150065f159d95ad3-refs/branch-heads/5005@{#819}) on port 5871
Only local connections are allowed.
Please see https://chromedriver.chromium.org/security-considerations for suggestions on keeping ChromeDriver safe.
ChromeDriver was started successfully.
]]></system-err>
  </testcase>
  <testcase name="beforeMethod" classname="com.automationpractice.ecommerce.testCases.TestCase12AddProductsInCart" time="0">
    <skipped/>
  </testcase>
  <testcase name="testCase12AddProductsInCart" classname="com.automationpractice.ecommerce.testCases.TestCase12AddProductsInCart" time="0">
    <skipped message="com.google.common.base.Throwables.throwIfUnchecked(Ljava/lang/Throwable;)V"/>
  </testcase>
  <testcase name="afterTest" classname="com.automationpractice.ecommerce.testCases.TestCase12AddProductsInCart" time="0">
    <skipped/>
  </testcase>
  <testcase name="afterClass" classname="com.automationpractice.ecommerce.testCases.TestCase12AddProductsInCart" time="0">
    <skipped/>
  </testcase>
  <testcase name="beforeClass" classname="com.automationpractice.ecommerce.testCases.TestCase13VerifyProductQuantityInCart" time="14.343">
    <failure message="com.google.common.base.Throwables.throwIfUnchecked(Ljava/lang/Throwable;)V" type="java.lang.NoSuchMethodError">java.lang.NoSuchMethodError: com.google.common.base.Throwables.throwIfUnchecked(Ljava/lang/Throwable;)V
</failure>
    <system-err><![CDATA[Starting ChromeDriver 102.0.5005.61 (0e59bcc00cc4985ce39ad31c150065f159d95ad3-refs/branch-heads/5005@{#819}) on port 63436
Only local connections are allowed.
Please see https://chromedriver.chromium.org/security-considerations for suggestions on keeping ChromeDriver safe.
ChromeDriver was started successfully.
]]></system-err>
  </testcase>
  <testcase name="beforeMethod" classname="com.automationpractice.ecommerce.testCases.TestCase13VerifyProductQuantityInCart" time="0">
    <skipped/>
  </testcase>
  <testcase name="testCase13VerifyProductQuantityInCartPages" classname="com.automationpractice.ecommerce.testCases.TestCase13VerifyProductQuantityInCart" time="0">
    <skipped message="com.google.common.base.Throwables.throwIfUnchecked(Ljava/lang/Throwable;)V"/>
  </testcase>
  <testcase name="afterTest" classname="com.automationpractice.ecommerce.testCases.TestCase13VerifyProductQuantityInCart" time="0">
    <skipped/>
  </testcase>
  <testcase name="afterClass" classname="com.automationpractice.ecommerce.testCases.TestCase13VerifyProductQuantityInCart" time="0">
    <skipped/>
  </testcase>
  <testcase name="beforeClass" classname="com.automationpractice.ecommerce.testCases.TestCase14PlaceOrderRegisterWhileCheckout" time="14.866">
    <failure message="com.google.common.base.Throwables.throwIfUnchecked(Ljava/lang/Throwable;)V" type="java.lang.NoSuchMethodError">java.lang.NoSuchMethodError: com.google.common.base.Throwables.throwIfUnchecked(Ljava/lang/Throwable;)V
</failure>
    <system-err><![CDATA[Starting ChromeDriver 102.0.5005.61 (0e59bcc00cc4985ce39ad31c150065f159d95ad3-refs/branch-heads/5005@{#819}) on port 17445
Only local connections are allowed.
Please see https://chromedriver.chromium.org/security-considerations for suggestions on keeping ChromeDriver safe.
ChromeDriver was started successfully.
]]></system-err>
  </testcase>
  <testcase name="beforeMethod" classname="com.automationpractice.ecommerce.testCases.TestCase14PlaceOrderRegisterWhileCheckout" time="0">
    <skipped/>
  </testcase>
  <testcase name="testCase14PlaceOrderRegisterWhileCheckoutPages" classname="com.automationpractice.ecommerce.testCases.TestCase14PlaceOrderRegisterWhileCheckout" time="0">
    <skipped message="com.google.common.base.Throwables.throwIfUnchecked(Ljava/lang/Throwable;)V"/>
  </testcase>
  <testcase name="afterTest" classname="com.automationpractice.ecommerce.testCases.TestCase14PlaceOrderRegisterWhileCheckout" time="0">
    <skipped/>
  </testcase>
  <testcase name="afterClass" classname="com.automationpractice.ecommerce.testCases.TestCase14PlaceOrderRegisterWhileCheckout" time="0">
    <skipped/>
  </testcase>
  <testcase name="beforeClass" classname="com.automationpractice.ecommerce.testCases.TestCase15PlaceOrderRegisterBeforeCheckout" time="15.372">
    <failure message="com.google.common.base.Throwables.throwIfUnchecked(Ljava/lang/Throwable;)V" type="java.lang.NoSuchMethodError">java.lang.NoSuchMethodError: com.google.common.base.Throwables.throwIfUnchecked(Ljava/lang/Throwable;)V
</failure>
    <system-err><![CDATA[Starting ChromeDriver 102.0.5005.61 (0e59bcc00cc4985ce39ad31c150065f159d95ad3-refs/branch-heads/5005@{#819}) on port 17743
Only local connections are allowed.
Please see https://chromedriver.chromium.org/security-considerations for suggestions on keeping ChromeDriver safe.
ChromeDriver was started successfully.
]]></system-err>
  </testcase>
  <testcase name="beforeMethod" classname="com.automationpractice.ecommerce.testCases.TestCase15PlaceOrderRegisterBeforeCheckout" time="0">
    <skipped/>
  </testcase>
  <testcase name="testCase15PlaceOrderRegisterBeforeCheckoutPages" classname="com.automationpractice.ecommerce.testCases.TestCase15PlaceOrderRegisterBeforeCheckout" time="0">
    <skipped message="com.google.common.base.Throwables.throwIfUnchecked(Ljava/lang/Throwable;)V"/>
  </testcase>
  <testcase name="afterTest" classname="com.automationpractice.ecommerce.testCases.TestCase15PlaceOrderRegisterBeforeCheckout" time="0">
    <skipped/>
  </testcase>
  <testcase name="afterClass" classname="com.automationpractice.ecommerce.testCases.TestCase15PlaceOrderRegisterBeforeCheckout" time="0">
    <skipped/>
  </testcase>
  <testcase name="beforeClass" classname="com.automationpractice.ecommerce.testCases.TestCase16PlaceOrderLoginBeforeCheckout" time="27.588">
    <failure message="Timed out waiting for driver server to start.&#10;Build info: version: &apos;4.0.0-alpha-6&apos;, revision: &apos;5f43a29cfc&apos;&#10;System info: host: &apos;DESKTOP-C6OQV70&apos;, ip: &apos;192.168.0.193&apos;, os.name: &apos;Windows 11&apos;, os.arch: &apos;amd64&apos;, os.version: &apos;10.0&apos;, java.version: &apos;11.0.14&apos;&#10;Driver info: driver.version: ChromeDriver" type="org.openqa.selenium.WebDriverException">org.openqa.selenium.WebDriverException: 
Timed out waiting for driver server to start.
Build info: version: '4.0.0-alpha-6', revision: '5f43a29cfc'
System info: host: 'DESKTOP-C6OQV70', ip: '192.168.0.193', os.name: 'Windows 11', os.arch: 'amd64', os.version: '10.0', java.version: '11.0.14'
Driver info: driver.version: ChromeDriver
Caused by: java.util.concurrent.ExecutionException: java.lang.RuntimeException: java.lang.InterruptedException
Caused by: java.lang.RuntimeException: java.lang.InterruptedException
Caused by: java.lang.InterruptedException
</failure>
    <system-err><![CDATA[Starting ChromeDriver 102.0.5005.61 (0e59bcc00cc4985ce39ad31c150065f159d95ad3-refs/branch-heads/5005@{#819}) on port 46891
Only local connections are allowed.
Please see https://chromedriver.chromium.org/security-considerations for suggestions on keeping ChromeDriver safe.
ChromeDriver was started successfully.
]]></system-err>
  </testcase>
  <testcase name="beforeMethod" classname="com.automationpractice.ecommerce.testCases.TestCase16PlaceOrderLoginBeforeCheckout" time="0">
    <skipped/>
  </testcase>
  <testcase name="testCase16PlaceOrderLoginBeforeCheckoutPages" classname="com.automationpractice.ecommerce.testCases.TestCase16PlaceOrderLoginBeforeCheckout" time="0">
    <skipped message="Timed out waiting for driver server to start.&#10;Build info: version: &apos;4.0.0-alpha-6&apos;, revision: &apos;5f43a29cfc&apos;&#10;System info: host: &apos;DESKTOP-C6OQV70&apos;, ip: &apos;192.168.0.193&apos;, os.name: &apos;Windows 11&apos;, os.arch: &apos;amd64&apos;, os.version: &apos;10.0&apos;, java.version: &apos;11.0.14&apos;&#10;Driver info: driver.version: ChromeDriver"/>
  </testcase>
  <testcase name="afterTest" classname="com.automationpractice.ecommerce.testCases.TestCase16PlaceOrderLoginBeforeCheckout" time="0">
    <skipped/>
  </testcase>
  <testcase name="afterClass" classname="com.automationpractice.ecommerce.testCases.TestCase16PlaceOrderLoginBeforeCheckout" time="0">
    <skipped/>
  </testcase>
  <testcase name="beforeClass" classname="com.automationpractice.ecommerce.testCases.TestCase17RemoveProductsFromCart" time="28.105">
    <failure message="com.google.common.base.Throwables.throwIfUnchecked(Ljava/lang/Throwable;)V" type="java.lang.NoSuchMethodError">java.lang.NoSuchMethodError: com.google.common.base.Throwables.throwIfUnchecked(Ljava/lang/Throwable;)V
</failure>
    <system-err><![CDATA[Starting ChromeDriver 102.0.5005.61 (0e59bcc00cc4985ce39ad31c150065f159d95ad3-refs/branch-heads/5005@{#819}) on port 59861
Only local connections are allowed.
Please see https://chromedriver.chromium.org/security-considerations for suggestions on keeping ChromeDriver safe.
ChromeDriver was started successfully.
]]></system-err>
  </testcase>
  <testcase name="beforeMethod" classname="com.automationpractice.ecommerce.testCases.TestCase17RemoveProductsFromCart" time="0">
    <skipped/>
  </testcase>
  <testcase name="testCase17RemoveProductsFromCartPages" classname="com.automationpractice.ecommerce.testCases.TestCase17RemoveProductsFromCart" time="0">
    <skipped message="com.google.common.base.Throwables.throwIfUnchecked(Ljava/lang/Throwable;)V"/>
  </testcase>
  <testcase name="afterTest" classname="com.automationpractice.ecommerce.testCases.TestCase17RemoveProductsFromCart" time="0">
    <skipped/>
  </testcase>
  <testcase name="afterClass" classname="com.automationpractice.ecommerce.testCases.TestCase17RemoveProductsFromCart" time="0">
    <skipped/>
  </testcase>
  <testcase name="beforeClass" classname="com.automationpractice.ecommerce.testCases.TestCase18ViewCategoryProducts" time="28.162">
    <failure message="Timed out waiting for driver server to start.&#10;Build info: version: &apos;4.0.0-alpha-6&apos;, revision: &apos;5f43a29cfc&apos;&#10;System info: host: &apos;DESKTOP-C6OQV70&apos;, ip: &apos;192.168.0.193&apos;, os.name: &apos;Windows 11&apos;, os.arch: &apos;amd64&apos;, os.version: &apos;10.0&apos;, java.version: &apos;11.0.14&apos;&#10;Driver info: driver.version: ChromeDriver" type="org.openqa.selenium.WebDriverException">org.openqa.selenium.WebDriverException: 
Timed out waiting for driver server to start.
Build info: version: '4.0.0-alpha-6', revision: '5f43a29cfc'
System info: host: 'DESKTOP-C6OQV70', ip: '192.168.0.193', os.name: 'Windows 11', os.arch: 'amd64', os.version: '10.0', java.version: '11.0.14'
Driver info: driver.version: ChromeDriver
Caused by: java.util.concurrent.ExecutionException: java.lang.RuntimeException: java.lang.InterruptedException
Caused by: java.lang.RuntimeException: java.lang.InterruptedException
Caused by: java.lang.InterruptedException
</failure>
    <system-err><![CDATA[Starting ChromeDriver 102.0.5005.61 (0e59bcc00cc4985ce39ad31c150065f159d95ad3-refs/branch-heads/5005@{#819}) on port 24003
Only local connections are allowed.
Please see https://chromedriver.chromium.org/security-considerations for suggestions on keeping ChromeDriver safe.
ChromeDriver was started successfully.
]]></system-err>
  </testcase>
  <testcase name="beforeMethod" classname="com.automationpractice.ecommerce.testCases.TestCase18ViewCategoryProducts" time="0">
    <skipped/>
  </testcase>
  <testcase name="testCase18ViewCategoryProductsPages" classname="com.automationpractice.ecommerce.testCases.TestCase18ViewCategoryProducts" time="0">
    <skipped message="Timed out waiting for driver server to start.&#10;Build info: version: &apos;4.0.0-alpha-6&apos;, revision: &apos;5f43a29cfc&apos;&#10;System info: host: &apos;DESKTOP-C6OQV70&apos;, ip: &apos;192.168.0.193&apos;, os.name: &apos;Windows 11&apos;, os.arch: &apos;amd64&apos;, os.version: &apos;10.0&apos;, java.version: &apos;11.0.14&apos;&#10;Driver info: driver.version: ChromeDriver"/>
  </testcase>
  <testcase name="afterTest" classname="com.automationpractice.ecommerce.testCases.TestCase18ViewCategoryProducts" time="0">
    <skipped/>
  </testcase>
  <testcase name="afterClass" classname="com.automationpractice.ecommerce.testCases.TestCase18ViewCategoryProducts" time="0">
    <skipped/>
  </testcase>
  <testcase name="beforeClass" classname="com.automationpractice.ecommerce.testCases.TestCase19ViewAndCartBrandProducts" time="28.676">
    <failure message="Timed out waiting for driver server to start.&#10;Build info: version: &apos;4.0.0-alpha-6&apos;, revision: &apos;5f43a29cfc&apos;&#10;System info: host: &apos;DESKTOP-C6OQV70&apos;, ip: &apos;192.168.0.193&apos;, os.name: &apos;Windows 11&apos;, os.arch: &apos;amd64&apos;, os.version: &apos;10.0&apos;, java.version: &apos;11.0.14&apos;&#10;Driver info: driver.version: ChromeDriver" type="org.openqa.selenium.WebDriverException">org.openqa.selenium.WebDriverException: 
Timed out waiting for driver server to start.
Build info: version: '4.0.0-alpha-6', revision: '5f43a29cfc'
System info: host: 'DESKTOP-C6OQV70', ip: '192.168.0.193', os.name: 'Windows 11', os.arch: 'amd64', os.version: '10.0', java.version: '11.0.14'
Driver info: driver.version: ChromeDriver
Caused by: java.util.concurrent.ExecutionException: 
org.openqa.selenium.WebDriverException: java.lang.InterruptedException
Build info: version: '4.0.0-alpha-6', revision: '5f43a29cfc'
System info: host: 'DESKTOP-C6OQV70', ip: '192.168.0.193', os.name: 'Windows 11', os.arch: 'amd64', os.version: '10.0', java.version: '11.0.14'
Driver info: driver.version: unknown
Caused by: org.openqa.selenium.WebDriverException: 
java.lang.InterruptedException
Build info: version: '4.0.0-alpha-6', revision: '5f43a29cfc'
System info: host: 'DESKTOP-C6OQV70', ip: '192.168.0.193', os.name: 'Windows 11', os.arch: 'amd64', os.version: '10.0', java.version: '11.0.14'
Driver info: driver.version: unknown
Caused by: java.lang.InterruptedException
</failure>
    <system-err><![CDATA[Starting ChromeDriver 102.0.5005.61 (0e59bcc00cc4985ce39ad31c150065f159d95ad3-refs/branch-heads/5005@{#819}) on port 7690
Only local connections are allowed.
Please see https://chromedriver.chromium.org/security-considerations for suggestions on keeping ChromeDriver safe.
ChromeDriver was started successfully.
]]></system-err>
  </testcase>
  <testcase name="beforeMethod" classname="com.automationpractice.ecommerce.testCases.TestCase19ViewAndCartBrandProducts" time="0">
    <skipped/>
  </testcase>
  <testcase name="testCase19ViewAndCartBrandProductsPages" classname="com.automationpractice.ecommerce.testCases.TestCase19ViewAndCartBrandProducts" time="0">
    <skipped message="Timed out waiting for driver server to start.&#10;Build info: version: &apos;4.0.0-alpha-6&apos;, revision: &apos;5f43a29cfc&apos;&#10;System info: host: &apos;DESKTOP-C6OQV70&apos;, ip: &apos;192.168.0.193&apos;, os.name: &apos;Windows 11&apos;, os.arch: &apos;amd64&apos;, os.version: &apos;10.0&apos;, java.version: &apos;11.0.14&apos;&#10;Driver info: driver.version: ChromeDriver"/>
  </testcase>
  <testcase name="afterTest" classname="com.automationpractice.ecommerce.testCases.TestCase19ViewAndCartBrandProducts" time="0">
    <skipped/>
  </testcase>
  <testcase name="afterClass" classname="com.automationpractice.ecommerce.testCases.TestCase19ViewAndCartBrandProducts" time="0">
    <skipped/>
  </testcase>
  <testcase name="beforeClass" classname="com.automationpractice.ecommerce.testCases.TestCase20SearchProductsAndVerifyCartAfterLogin" time="29.195">
    <failure message="com.google.common.base.Throwables.throwIfUnchecked(Ljava/lang/Throwable;)V" type="java.lang.NoSuchMethodError">java.lang.NoSuchMethodError: com.google.common.base.Throwables.throwIfUnchecked(Ljava/lang/Throwable;)V
</failure>
    <system-err><![CDATA[Starting ChromeDriver 102.0.5005.61 (0e59bcc00cc4985ce39ad31c150065f159d95ad3-refs/branch-heads/5005@{#819}) on port 27539
Only local connections are allowed.
Please see https://chromedriver.chromium.org/security-considerations for suggestions on keeping ChromeDriver safe.
ChromeDriver was started successfully.
]]></system-err>
  </testcase>
  <testcase name="beforeMethod" classname="com.automationpractice.ecommerce.testCases.TestCase20SearchProductsAndVerifyCartAfterLogin" time="0">
    <skipped/>
  </testcase>
  <testcase name="testCase20SearchProductsAndVerifyCartAfterLoginPages" classname="com.automationpractice.ecommerce.testCases.TestCase20SearchProductsAndVerifyCartAfterLogin" time="0">
    <skipped message="com.google.common.base.Throwables.throwIfUnchecked(Ljava/lang/Throwable;)V"/>
  </testcase>
  <testcase name="afterTest" classname="com.automationpractice.ecommerce.testCases.TestCase20SearchProductsAndVerifyCartAfterLogin" time="0">
    <skipped/>
  </testcase>
  <testcase name="afterClass" classname="com.automationpractice.ecommerce.testCases.TestCase20SearchProductsAndVerifyCartAfterLogin" time="0">
    <skipped/>
  </testcase>
  <testcase name="beforeClass" classname="com.automationpractice.ecommerce.testCases.TestCase21AddReviewOnProduct" time="29.713">
    <failure message="com.google.common.base.Throwables.throwIfUnchecked(Ljava/lang/Throwable;)V" type="java.lang.NoSuchMethodError">java.lang.NoSuchMethodError: com.google.common.base.Throwables.throwIfUnchecked(Ljava/lang/Throwable;)V
</failure>
    <system-err><![CDATA[Starting ChromeDriver 102.0.5005.61 (0e59bcc00cc4985ce39ad31c150065f159d95ad3-refs/branch-heads/5005@{#819}) on port 28411
Only local connections are allowed.
Please see https://chromedriver.chromium.org/security-considerations for suggestions on keeping ChromeDriver safe.
ChromeDriver was started successfully.
]]></system-err>
  </testcase>
  <testcase name="beforeMethod" classname="com.automationpractice.ecommerce.testCases.TestCase21AddReviewOnProduct" time="0">
    <skipped/>
  </testcase>
  <testcase name="testCase21AddReviewOnProductPages" classname="com.automationpractice.ecommerce.testCases.TestCase21AddReviewOnProduct" time="0">
    <skipped message="com.google.common.base.Throwables.throwIfUnchecked(Ljava/lang/Throwable;)V"/>
  </testcase>
  <testcase name="afterTest" classname="com.automationpractice.ecommerce.testCases.TestCase21AddReviewOnProduct" time="0">
    <skipped/>
  </testcase>
  <testcase name="afterClass" classname="com.automationpractice.ecommerce.testCases.TestCase21AddReviewOnProduct" time="0">
    <skipped/>
  </testcase>
  <testcase name="beforeClass" classname="com.automationpractice.ecommerce.testCases.TestCase22AddToCartFromRecommendedItems" time="29.718">
    <failure message="Timed out waiting for driver server to start.&#10;Build info: version: &apos;4.0.0-alpha-6&apos;, revision: &apos;5f43a29cfc&apos;&#10;System info: host: &apos;DESKTOP-C6OQV70&apos;, ip: &apos;192.168.0.193&apos;, os.name: &apos;Windows 11&apos;, os.arch: &apos;amd64&apos;, os.version: &apos;10.0&apos;, java.version: &apos;11.0.14&apos;&#10;Driver info: driver.version: ChromeDriver" type="org.openqa.selenium.WebDriverException">org.openqa.selenium.WebDriverException: 
Timed out waiting for driver server to start.
Build info: version: '4.0.0-alpha-6', revision: '5f43a29cfc'
System info: host: 'DESKTOP-C6OQV70', ip: '192.168.0.193', os.name: 'Windows 11', os.arch: 'amd64', os.version: '10.0', java.version: '11.0.14'
Driver info: driver.version: ChromeDriver
Caused by: java.util.concurrent.ExecutionException: 
org.openqa.selenium.WebDriverException: java.lang.InterruptedException
Build info: version: '4.0.0-alpha-6', revision: '5f43a29cfc'
System info: host: 'DESKTOP-C6OQV70', ip: '192.168.0.193', os.name: 'Windows 11', os.arch: 'amd64', os.version: '10.0', java.version: '11.0.14'
Driver info: driver.version: unknown
Caused by: org.openqa.selenium.WebDriverException: 
java.lang.InterruptedException
Build info: version: '4.0.0-alpha-6', revision: '5f43a29cfc'
System info: host: 'DESKTOP-C6OQV70', ip: '192.168.0.193', os.name: 'Windows 11', os.arch: 'amd64', os.version: '10.0', java.version: '11.0.14'
Driver info: driver.version: unknown
Caused by: java.lang.InterruptedException
</failure>
  </testcase>
  <testcase name="beforeMethod" classname="com.automationpractice.ecommerce.testCases.TestCase22AddToCartFromRecommendedItems" time="0">
    <skipped/>
  </testcase>
  <testcase name="testCase22AddToCartFromRecommendedItems" classname="com.automationpractice.ecommerce.testCases.TestCase22AddToCartFromRecommendedItems" time="0">
    <skipped message="Timed out waiting for driver server to start.&#10;Build info: version: &apos;4.0.0-alpha-6&apos;, revision: &apos;5f43a29cfc&apos;&#10;System info: host: &apos;DESKTOP-C6OQV70&apos;, ip: &apos;192.168.0.193&apos;, os.name: &apos;Windows 11&apos;, os.arch: &apos;amd64&apos;, os.version: &apos;10.0&apos;, java.version: &apos;11.0.14&apos;&#10;Driver info: driver.version: ChromeDriver"/>
  </testcase>
  <testcase name="afterTest" classname="com.automationpractice.ecommerce.testCases.TestCase22AddToCartFromRecommendedItems" time="0">
    <skipped/>
  </testcase>
  <testcase name="afterClass" classname="com.automationpractice.ecommerce.testCases.TestCase22AddToCartFromRecommendedItems" time="0">
    <skipped/>
  </testcase>
  <testcase name="beforeClass" classname="com.automationpractice.ecommerce.testCases.TestCase23VerifyAddressDetailsInCheckoutpage" time="30.235">
    <failure message="com.google.common.base.Throwables.throwIfUnchecked(Ljava/lang/Throwable;)V" type="java.lang.NoSuchMethodError">java.lang.NoSuchMethodError: com.google.common.base.Throwables.throwIfUnchecked(Ljava/lang/Throwable;)V
</failure>
    <system-err><![CDATA[Starting ChromeDriver 102.0.5005.61 (0e59bcc00cc4985ce39ad31c150065f159d95ad3-refs/branch-heads/5005@{#819}) on port 44790
Only local connections are allowed.
Please see https://chromedriver.chromium.org/security-considerations for suggestions on keeping ChromeDriver safe.
ChromeDriver was started successfully.
Starting ChromeDriver 102.0.5005.61 (0e59bcc00cc4985ce39ad31c150065f159d95ad3-refs/branch-heads/5005@{#819}) on port 56262
Only local connections are allowed.
Please see https://chromedriver.chromium.org/security-considerations for suggestions on keeping ChromeDriver safe.
ChromeDriver was started successfully.
]]></system-err>
  </testcase>
  <testcase name="beforeMethod" classname="com.automationpractice.ecommerce.testCases.TestCase23VerifyAddressDetailsInCheckoutpage" time="0">
    <skipped/>
  </testcase>
  <testcase name="testCase23VerifyAddressDetailsInCheckoutpagePages" classname="com.automationpractice.ecommerce.testCases.TestCase23VerifyAddressDetailsInCheckoutpage" time="0">
    <skipped message="com.google.common.base.Throwables.throwIfUnchecked(Ljava/lang/Throwable;)V"/>
  </testcase>
  <testcase name="afterTest" classname="com.automationpractice.ecommerce.testCases.TestCase23VerifyAddressDetailsInCheckoutpage" time="0">
    <skipped/>
  </testcase>
  <testcase name="afterClass" classname="com.automationpractice.ecommerce.testCases.TestCase23VerifyAddressDetailsInCheckoutpage" time="0">
    <skipped/>
  </testcase>
  <testcase name="beforeClass" classname="com.automationpractice.ecommerce.testCases.TestCase24DownloadInvoiceAfterPurchaseOrder" time="30.761">
    <failure message="com.google.common.base.Throwables.throwIfUnchecked(Ljava/lang/Throwable;)V" type="java.lang.NoSuchMethodError">java.lang.NoSuchMethodError: com.google.common.base.Throwables.throwIfUnchecked(Ljava/lang/Throwable;)V
</failure>
    <system-err><![CDATA[Starting ChromeDriver 102.0.5005.61 (0e59bcc00cc4985ce39ad31c150065f159d95ad3-refs/branch-heads/5005@{#819}) on port 22577
Only local connections are allowed.
Please see https://chromedriver.chromium.org/security-considerations for suggestions on keeping ChromeDriver safe.
ChromeDriver was started successfully.
]]></system-err>
  </testcase>
  <testcase name="beforeMethod" classname="com.automationpractice.ecommerce.testCases.TestCase24DownloadInvoiceAfterPurchaseOrder" time="0">
    <skipped/>
  </testcase>
  <testcase name="testCase24DownloadInvoiceAfterPurchaseOrderPages" classname="com.automationpractice.ecommerce.testCases.TestCase24DownloadInvoiceAfterPurchaseOrder" time="0">
    <skipped message="com.google.common.base.Throwables.throwIfUnchecked(Ljava/lang/Throwable;)V"/>
  </testcase>
  <testcase name="afterTest" classname="com.automationpractice.ecommerce.testCases.TestCase24DownloadInvoiceAfterPurchaseOrder" time="0">
    <skipped/>
  </testcase>
  <testcase name="afterClass" classname="com.automationpractice.ecommerce.testCases.TestCase24DownloadInvoiceAfterPurchaseOrder" time="0">
    <skipped/>
  </testcase>
  <testcase name="beforeClass" classname="com.automationpractice.ecommerce.testCases.TestCase25VerifyScrollUpUsingArrowButtonAndScrollDownFunctionality" time="31.277">
    <failure message="com.google.common.base.Throwables.throwIfUnchecked(Ljava/lang/Throwable;)V" type="java.lang.NoSuchMethodError">java.lang.NoSuchMethodError: com.google.common.base.Throwables.throwIfUnchecked(Ljava/lang/Throwable;)V
</failure>
    <system-err><![CDATA[Starting ChromeDriver 102.0.5005.61 (0e59bcc00cc4985ce39ad31c150065f159d95ad3-refs/branch-heads/5005@{#819}) on port 55264
Only local connections are allowed.
Please see https://chromedriver.chromium.org/security-considerations for suggestions on keeping ChromeDriver safe.
ChromeDriver was started successfully.
]]></system-err>
  </testcase>
  <testcase name="beforeMethod" classname="com.automationpractice.ecommerce.testCases.TestCase25VerifyScrollUpUsingArrowButtonAndScrollDownFunctionality" time="0">
    <skipped/>
  </testcase>
  <testcase name="testCase25VerifyScrollUpUsingArrowButtonAndScrollDownFunctionality" classname="com.automationpractice.ecommerce.testCases.TestCase25VerifyScrollUpUsingArrowButtonAndScrollDownFunctionality" time="0">
    <skipped message="com.google.common.base.Throwables.throwIfUnchecked(Ljava/lang/Throwable;)V"/>
  </testcase>
  <testcase name="afterTest" classname="com.automationpractice.ecommerce.testCases.TestCase25VerifyScrollUpUsingArrowButtonAndScrollDownFunctionality" time="0">
    <skipped/>
  </testcase>
  <testcase name="afterClass" classname="com.automationpractice.ecommerce.testCases.TestCase25VerifyScrollUpUsingArrowButtonAndScrollDownFunctionality" time="0">
    <skipped/>
  </testcase>
  <testcase name="beforeClass" classname="com.automationpractice.ecommerce.testCases.TestCase26VerifyScrollUpWithoutArrowButtonAndScrollDownFunctionality" time="31.794">
    <failure message="com.google.common.base.Throwables.throwIfUnchecked(Ljava/lang/Throwable;)V" type="java.lang.NoSuchMethodError">java.lang.NoSuchMethodError: com.google.common.base.Throwables.throwIfUnchecked(Ljava/lang/Throwable;)V
</failure>
    <system-err><![CDATA[Starting ChromeDriver 102.0.5005.61 (0e59bcc00cc4985ce39ad31c150065f159d95ad3-refs/branch-heads/5005@{#819}) on port 52950
Only local connections are allowed.
Please see https://chromedriver.chromium.org/security-considerations for suggestions on keeping ChromeDriver safe.
ChromeDriver was started successfully.
]]></system-err>
  </testcase>
  <testcase name="beforeMethod" classname="com.automationpractice.ecommerce.testCases.TestCase26VerifyScrollUpWithoutArrowButtonAndScrollDownFunctionality" time="0">
    <skipped/>
  </testcase>
  <testcase name="testCase26VerifyScrollUpWithout_Arrow_buttonAndScrollDownFunctionalityPages" classname="com.automationpractice.ecommerce.testCases.TestCase26VerifyScrollUpWithoutArrowButtonAndScrollDownFunctionality" time="0">
    <skipped message="com.google.common.base.Throwables.throwIfUnchecked(Ljava/lang/Throwable;)V"/>
  </testcase>
  <testcase name="afterTest" classname="com.automationpractice.ecommerce.testCases.TestCase26VerifyScrollUpWithoutArrowButtonAndScrollDownFunctionality" time="0">
    <skipped/>
  </testcase>
  <testcase name="afterClass" classname="com.automationpractice.ecommerce.testCases.TestCase26VerifyScrollUpWithoutArrowButtonAndScrollDownFunctionality" time="0">
    <skipped/>
  </testcase>
</testsuite>